2026-07-12T21:34:36.422Z - Login Request: orgId='', username='superadmin'
Defaulted orgId to 'zonix-system'
Found organization UUID: ebce1656-1776-4b10-89fd-bdbd7d53d910
2026-07-12T21:37:12.396Z - Login Request: orgId='test-org', username='orgadmin'
Rejected: Organization 'test-org' not found in DB
2026-07-12T21:37:16.210Z - Login Request: orgId='test', username='orgadmin'
Found organization UUID: a7f4ba0f-1921-4d3d-8fa6-eabd69636656
2026-07-12T21:38:19.496Z - Login Request: orgId='test', username='user1'
Found organization UUID: a7f4ba0f-1921-4d3d-8fa6-eabd69636656
2026-07-12T21:44:40.456Z - Login Request: orgId='', username='superadmin'
Defaulted orgId to 'zonix-system'
Rejected: Organization 'zonix-system' not found in DB
2026-07-12T21:45:07.894Z - Login Request: orgId='', username='superadmin'
Defaulted orgId to 'zonix-system'
Rejected: Organization 'zonix-system' not found in DB
2026-07-12T21:45:34.955Z - Login Request: orgId='', username='superadmin'
Defaulted orgId to 'zonix-system'
Rejected: Organization 'zonix-system' not found in DB
2026-07-12T21:50:54.689Z - Login Request: orgId='', username='superadmin'
Defaulted orgId to 'zonix-system'
Found organization UUID: 7771f057-21b1-45b0-9027-8c64f51aa683
2026-07-12T21:51:53.066Z - Login Request: orgId='test', username='orgadmin'
Found organization UUID: a7f4ba0f-1921-4d3d-8fa6-eabd69636656
2026-07-12T21:52:43.476Z - Login Request: orgId='test', username='user1'
Found organization UUID: a7f4ba0f-1921-4d3d-8fa6-eabd69636656
2026-07-12T21:54:46.964Z - Login Request: orgId='', username='superadmin'
Defaulted orgId to 'zonix-system'
Found organization UUID: 7771f057-21b1-45b0-9027-8c64f51aa683
2026-07-12T21:56:57.328Z - Login Request: orgId='test', username='user1'
Found organization UUID: a7f4ba0f-1921-4d3d-8fa6-eabd69636656
2026-07-12T21:59:49.951Z - Login Request: orgId='', username='superadmin'
Defaulted orgId to 'zonix-system'
Found organization UUID: 7771f057-21b1-45b0-9027-8c64f51aa683
2026-07-12T22:00:26.434Z - Login Request: orgId='test', username='user1'
Found organization UUID: a7f4ba0f-1921-4d3d-8fa6-eabd69636656
2026-07-12T22:03:47.736Z - Login Request: orgId='', username='superadmin'
Defaulted orgId to 'zonix-system'
Found organization UUID: 7771f057-21b1-45b0-9027-8c64f51aa683
2026-07-12T22:04:54.727Z - Login Request: orgId='test', username='user1'
Found organization UUID: a7f4ba0f-1921-4d3d-8fa6-eabd69636656
2026-07-12T22:08:27.306Z - Login Request: orgId='', username='superadmin'
Defaulted orgId to 'zonix-system'
Found organization UUID: 7771f057-21b1-45b0-9027-8c64f51aa683
2026-07-12T22:09:36.327Z - Login Request: orgId='test', username='user1'
Found organization UUID: a7f4ba0f-1921-4d3d-8fa6-eabd69636656
2026-07-12T22:13:31.008Z - Login Request: orgId='', username='superadmin'
Defaulted orgId to 'zonix-system'
Found organization UUID: 7771f057-21b1-45b0-9027-8c64f51aa683
2026-07-12T22:14:26.125Z - Login Request: orgId='test', username='user1'
Found organization UUID: a7f4ba0f-1921-4d3d-8fa6-eabd69636656
2026-07-12T22:18:20.953Z - Login Request: orgId='', username='superadmin'
Defaulted orgId to 'zonix-system'
Found organization UUID: 7771f057-21b1-45b0-9027-8c64f51aa683
2026-07-12T22:19:12.254Z - Login Request: orgId='test', username='user1'
Found organization UUID: a7f4ba0f-1921-4d3d-8fa6-eabd69636656
2026-07-12T22:20:00.473Z - Login Request: orgId='', username='superadmin'
Defaulted orgId to 'zonix-system'
Found organization UUID: 7771f057-21b1-45b0-9027-8c64f51aa683
2026-07-12T22:22:04.758Z - Login Request: orgId='', username='superadmin'
Defaulted orgId to 'zonix-system'
Found organization UUID: 7771f057-21b1-45b0-9027-8c64f51aa683
2026-07-12T22:24:13.449Z - Login Request: orgId='test', username='user2'
Found organization UUID: a7f4ba0f-1921-4d3d-8fa6-eabd69636656
2026-07-12T22:26:29.872Z - Login Request: orgId='', username='superadmin'
Defaulted orgId to 'zonix-system'
Found organization UUID: 7771f057-21b1-45b0-9027-8c64f51aa683
2026-07-12T22:31:43.643Z - Login Request: orgId='zonix-system', username='superadmin'
Found organization UUID: 7771f057-21b1-45b0-9027-8c64f51aa683
2026-07-12T22:33:01.625Z - Login Request: orgId='', username='superadmin'
Defaulted orgId to 'zonix-system'
Found organization UUID: 7771f057-21b1-45b0-9027-8c64f51aa683
2026-07-12T22:37:29.318Z - Login Request: orgId='', username='superadmin'
Defaulted orgId to 'zonix-system'
Found organization UUID: 7771f057-21b1-45b0-9027-8c64f51aa683
2026-07-12T22:39:56.606Z - Login Request: orgId='proxy', username='user3'
Rejected: Organization 'proxy' not found in DB
2026-07-12T22:40:06.849Z - Login Request: orgId='proxy', username='user3'
Rejected: Organization 'proxy' not found in DB
2026-07-12T22:40:13.597Z - Login Request: orgId='proxy-test', username='user3'
Rejected: Organization 'proxy-test' not found in DB
2026-07-12T22:40:14.084Z - Login Request: orgId='proxy-test', username='user3'
Rejected: Organization 'proxy-test' not found in DB
2026-07-12T22:40:14.416Z - Login Request: orgId='proxy-test', username='user3'
Rejected: Organization 'proxy-test' not found in DB
2026-07-12T22:40:14.588Z - Login Request: orgId='proxy-test', username='user3'
Rejected: Organization 'proxy-test' not found in DB
2026-07-12T22:40:14.719Z - Login Request: orgId='proxy-test', username='user3'
Rejected: Organization 'proxy-test' not found in DB
2026-07-12T22:40:29.224Z - Login Request: orgId='', username='superadmin'
Defaulted orgId to 'zonix-system'
Found organization UUID: 7771f057-21b1-45b0-9027-8c64f51aa683
2026-07-12T22:42:17.183Z - Login Request: orgId='proxy', username='test'
Rejected: Organization 'proxy' not found in DB
2026-07-12T22:42:30.542Z - Login Request: orgId='', username='superadmin'
Defaulted orgId to 'zonix-system'
Found organization UUID: 7771f057-21b1-45b0-9027-8c64f51aa683
2026-07-12T22:45:08.191Z - Login Request: orgId='proxy', username='user4'
Rejected: Organization 'proxy' not found in DB
2026-07-12T22:45:09.262Z - Login Request: orgId='proxy', username='user4'
Rejected: Organization 'proxy' not found in DB
2026-07-12T22:45:09.679Z - Login Request: orgId='proxy', username='user4'
Rejected: Organization 'proxy' not found in DB
2026-07-12T22:45:10.076Z - Login Request: orgId='proxy', username='user4'
Rejected: Organization 'proxy' not found in DB
2026-07-12T22:45:10.250Z - Login Request: orgId='proxy', username='user4'
Rejected: Organization 'proxy' not found in DB
2026-07-12T22:45:10.392Z - Login Request: orgId='proxy', username='user4'
Rejected: Organization 'proxy' not found in DB
2026-07-12T22:46:42.331Z - Login Request: orgId='proxy', username='user4'
Rejected: Organization 'proxy' not found in DB
2026-07-12T22:46:55.346Z - Login Request: orgId='', username='superadmin'
Defaulted orgId to 'zonix-system'
Found organization UUID: 7771f057-21b1-45b0-9027-8c64f51aa683
2026-07-12T22:47:41.426Z - Login Request: orgId='proxy', username='user4'
Rejected: Organization 'proxy' not found in DB
2026-07-12T22:47:54.571Z - Login Request: orgId='', username='superadmin'
Defaulted orgId to 'zonix-system'
Found organization UUID: 7771f057-21b1-45b0-9027-8c64f51aa683
2026-07-12T22:50:05.089Z - Login Request: orgId='proxy', username='user4'
Found organization UUID: 9bb6824e-ff99-4fc6-81f7-d60d9731b918
2026-07-12T22:50:50.148Z - Login Request: orgId='', username='superadmin'
Defaulted orgId to 'zonix-system'
Found organization UUID: 7771f057-21b1-45b0-9027-8c64f51aa683
2026-07-12T23:32:34.539Z - Login Request: orgId='', username='superadmin'
Defaulted orgId to 'zonix-system'
Found organization UUID: 7771f057-21b1-45b0-9027-8c64f51aa683
2026-07-12T23:40:42.667Z - Login Request: orgId='', username='superadmin'
Defaulted orgId to 'zonix-system'
Found organization UUID: 7771f057-21b1-45b0-9027-8c64f51aa683
2026-07-12T23:41:29.869Z - Login Request: orgId='proxy', username='user4'
Found organization UUID: 9bb6824e-ff99-4fc6-81f7-d60d9731b918
2026-07-12T23:46:23.333Z - Login Request: orgId='', username='superadmin'
Defaulted orgId to 'zonix-system'
Found organization UUID: 7771f057-21b1-45b0-9027-8c64f51aa683
2026-07-12T23:50:04.952Z - Login Request: orgId='', username='superadmin'
Defaulted orgId to 'zonix-system'
Found organization UUID: 7771f057-21b1-45b0-9027-8c64f51aa683
2026-07-12T23:52:58.276Z - Login Request: orgId='proxy', username='user4'
Found organization UUID: 9bb6824e-ff99-4fc6-81f7-d60d9731b918
2026-07-12T23:54:03.539Z - Login Request: orgId='', username='superadmin'
Defaulted orgId to 'zonix-system'
Found organization UUID: 7771f057-21b1-45b0-9027-8c64f51aa683
2026-07-12T23:59:50.836Z - Login Request: orgId='proxy', username='org admin'
Found organization UUID: 9bb6824e-ff99-4fc6-81f7-d60d9731b918
2026-07-13T00:33:39.501Z - Login Request: orgId='', username='superadmin'
Defaulted orgId to 'zonix-system'
Found organization UUID: 7771f057-21b1-45b0-9027-8c64f51aa683
2026-07-13T00:45:48.929Z - Login Request: orgId='', username='superadmin'
Defaulted orgId to 'zonix-system'
Found organization UUID: 7771f057-21b1-45b0-9027-8c64f51aa683
2026-07-13T00:56:59.830Z - Login Request: orgId='', username='superadmin'
Defaulted orgId to 'zonix-system'
Found organization UUID: 7771f057-21b1-45b0-9027-8c64f51aa683
2026-07-13T00:59:45.804Z - Login Request: orgId='', username='superadmin'
Defaulted orgId to 'zonix-system'
Found organization UUID: 7771f057-21b1-45b0-9027-8c64f51aa683
2026-07-13T01:00:06.794Z - Login Request: orgId='proxy', username='user4'
Found organization UUID: 9bb6824e-ff99-4fc6-81f7-d60d9731b918
2026-07-13T01:02:01.673Z - Login Request: orgId='proxy', username='user4'
Found organization UUID: 9bb6824e-ff99-4fc6-81f7-d60d9731b918
2026-07-13T01:06:59.569Z - Login Request: orgId='proxy', username='user4'
Found organization UUID: 9bb6824e-ff99-4fc6-81f7-d60d9731b918
2026-07-13T01:09:15.203Z - Login Request: orgId='', username='superadmin'
Defaulted orgId to 'zonix-system'
Found organization UUID: 7771f057-21b1-45b0-9027-8c64f51aa683
2026-07-13T01:12:48.409Z - Login Request: orgId='proxy', username='user4'
Found organization UUID: 9bb6824e-ff99-4fc6-81f7-d60d9731b918
